{
  "stats": {
    "suites": 2,
    "tests": 1,
    "passes": 1,
    "pending": 0,
    "failures": 0,
    "start": "2017-05-09T07:47:04.510Z",
    "end": "2017-05-09T07:47:04.535Z",
    "duration": 25,
    "testsRegistered": 1,
    "passPercent": 100,
    "pendingPercent": 0,
    "other": 0,
    "hasOther": false,
    "skipped": 0,
    "hasSkipped": false,
    "passPercentClass": "success",
    "pendingPercentClass": "danger"
  },
  "suites": {
    "title": "",
    "suites": [
      {
        "title": "channel",
        "suites": [
          {
            "title": "getListData",
            "suites": [],
            "tests": [
              {
                "title": "should receive true",
                "fullTitle": "channel getListData should receive true",
                "timedOut": false,
                "duration": 4,
                "state": "passed",
                "speed": "fast",
                "pass": true,
                "fail": false,
                "pending": false,
                "code": "assert.equal(true, echo.print([1, 2], [1, 2]));\n// echo.print([1, 2], [1, 2]).should.equal(true);",
                "err": {},
                "isRoot": false,
                "uuid": "0c1132ac-bd44-42d7-9ae9-413702371041",
                "parentUUID": "3d54bf7d-9276-4d2b-984b-fb7ca6832d94",
                "skipped": false
              }
            ],
            "pending": [],
            "root": false,
            "_timeout": 2000,
            "file": "\\test.js",
            "uuid": "3d54bf7d-9276-4d2b-984b-fb7ca6832d94",
            "fullFile": "C:\\Andy\\Program\\Mocha\\test.js",
            "passes": [
              {
                "title": "should receive true",
                "fullTitle": "channel getListData should receive true",
                "timedOut": false,
                "duration": 4,
                "state": "passed",
                "speed": "fast",
                "pass": true,
                "fail": false,
                "pending": false,
                "code": "assert.equal(true, echo.print([1, 2], [1, 2]));\n// echo.print([1, 2], [1, 2]).should.equal(true);",
                "err": {},
                "isRoot": false,
                "uuid": "0c1132ac-bd44-42d7-9ae9-413702371041",
                "parentUUID": "3d54bf7d-9276-4d2b-984b-fb7ca6832d94",
                "skipped": false
              }
            ],
            "failures": [],
            "skipped": [],
            "hasTests": true,
            "hasSuites": false,
            "totalTests": 1,
            "totalPasses": 1,
            "totalFailures": 0,
            "totalPending": 0,
            "totalSkipped": 0,
            "hasPasses": true,
            "hasFailures": false,
            "hasPending": false,
            "hasSkipped": false,
            "duration": 4,
            "rootEmpty": false
          }
        ],
        "tests": [],
        "pending": [],
        "root": false,
        "_timeout": 2000,
        "file": "\\test.js",
        "uuid": "df342519-16f1-42c8-8691-b7283cfeb8f8",
        "fullFile": "C:\\Andy\\Program\\Mocha\\test.js",
        "passes": [],
        "failures": [],
        "skipped": [],
        "hasTests": false,
        "hasSuites": true,
        "totalTests": 0,
        "totalPasses": 0,
        "totalFailures": 0,
        "totalPending": 0,
        "totalSkipped": 0,
        "hasPasses": false,
        "hasFailures": false,
        "hasPending": false,
        "hasSkipped": false,
        "duration": 0,
        "rootEmpty": false
      }
    ],
    "tests": [],
    "pending": [],
    "root": true,
    "_timeout": 2000,
    "uuid": "a1db7895-909d-41df-a30a-f7e584b2e725",
    "fullFile": "",
    "file": "",
    "passes": [],
    "failures": [],
    "skipped": [],
    "hasTests": false,
    "hasSuites": true,
    "totalTests": 0,
    "totalPasses": 0,
    "totalFailures": 0,
    "totalPending": 0,
    "totalSkipped": 0,
    "hasPasses": false,
    "hasFailures": false,
    "hasPending": false,
    "hasSkipped": false,
    "duration": 0,
    "rootEmpty": true
  },
  "allTests": [
    {
      "title": "should receive true",
      "fullTitle": "getListData should receive true",
      "timedOut": false,
      "duration": 4,
      "state": "passed",
      "speed": "fast",
      "pass": true,
      "fail": false,
      "pending": false,
      "code": "assert.equal(true, echo.print([1, 2], [1, 2]));\n// echo.print([1, 2], [1, 2]).should.equal(true);",
      "err": {},
      "isRoot": false,
      "uuid": "0c1132ac-bd44-42d7-9ae9-413702371041",
      "parentUUID": "3d54bf7d-9276-4d2b-984b-fb7ca6832d94",
      "skipped": false
    }
  ],
  "allPending": [],
  "allPasses": [
    {
      "title": "should receive true",
      "fullTitle": "getListData should receive true",
      "timedOut": false,
      "duration": 4,
      "state": "passed",
      "speed": "fast",
      "pass": true,
      "fail": false,
      "pending": false,
      "code": "assert.equal(true, echo.print([1, 2], [1, 2]));\n// echo.print([1, 2], [1, 2]).should.equal(true);",
      "err": {},
      "isRoot": false,
      "uuid": "0c1132ac-bd44-42d7-9ae9-413702371041",
      "parentUUID": "3d54bf7d-9276-4d2b-984b-fb7ca6832d94",
      "skipped": false
    }
  ],
  "allFailures": [],
  "copyrightYear": 2017
}